<?xml version="1.0" encoding="utf-8"?><testsuites name="pytest tests"><testsuite name="pytest" errors="0" failures="0" skipped="0" tests="4" time="0.209" timestamp="2026-03-18T16:48:20.997941+02:00" hostname="MS"><testcase classname="test_mail_1" name="test_sending_mail_1" time="0.167" /><testcase classname="test_mail_1" name="test_sending_mail_2" time="0.002" /><testcase classname="test_mail_2" name="test_sending_mail_3" time="0.002" /><testcase classname="test_mail_2" name="test_sending_mail_4" time="0.002" /></testsuite></testsuites>